Arguments: 
  C:\Program Files (x86)\nodejs\node.exe C:\Users\Mary Sam\AppData\Roaming\npm\node_modules\yarn\bin\yarn.js add express

PATH: 
  C:\Program Files\Git\mingw64\bin;C:\Program Files\Git\usr\bin;C:\Users\Mary Sam\bin;C:\Program Files\Lapce;C:\Program Files\Python37\Scripts;C:\Program Files\Python37;C:\WINDOWS\system32;C:\WINDOWS;C:\WINDOWS\System32\Wbem;C:\WINDOWS\System32\WindowsPowerShell\v1.0;C:\WINDOWS\System32\OpenSSH;C:\Program Files\Git\cmd;C:\Program Files (x86)\nodejs;C:\Users\Mary Sam\AppData\Local\Microsoft\WindowsApps;C:\Users\Mary Sam\AppData\Local\Programs\Microsoft VS Code\bin;C:\Users\Mary Sam\AppData\Roaming\npm

Yarn version: 
  1.22.18

Node version: 
  16.13.2

Platform: 
  win32 ia32

Trace: 
  Error: connect EHOSTUNREACH 104.16.18.35:443
      at TCPConnectWrap.afterConnect [as oncomplete] (node:net:1161:16)

npm manifest: 
  {
    "name": "day-3",
    "version": "1.0.0",
    "description": "My first API",
    "main": "index.js",
    "scripts": {
      "test": "echo \"Error: no test specified\" && exit 1"
    },
    "author": "Mary Sam",
    "license": "ISC"
  }

yarn manifest: 
  No manifest

Lockfile: 
  No lockfile
